# JRE version: Java(TM) SE Runtime Environment (21.0.9+7) (build 21.0.9+7-LTS-338)
# Java VM: Java HotSpot(TM) 64-Bit Server VM (21.0.9+7-LTS-338, mixed mode, sharing, tiered, compressed oops, compressed class ptrs, g1 gc, windows-amd64)
GC Precious Log:
 CardTable entry size: 512
 Card Set container configuration: InlinePtr #cards 5 size 8 Array Of Cards #cards 12 size 40 Howl #buckets 4 coarsen threshold 1843 Howl Bitmap #cards 512 size 80 coarsen threshold 460 Card regions per heap region 1 cards per card region 2048
 CPUs: 8 total, 8 available
 Memory: 10187M
 Large Page Support: Disabled
 NUMA Support: Disabled
 Compressed Oops: Enabled (32-bit)
 Heap Region Size: 1M
 Heap Min Capacity: 8M
 Heap Initial Capacity: 160M
 Heap Max Capacity: 2G
 Pre-touch: Disabled
 Parallel Workers: 8
 Concurrent Workers: 2
 Concurrent Refinement Workers: 8
 Periodic GC: Disabled
Heap:
 garbage-first heap   total 215040K, used 104647K [0x0000000080000000, 0x0000000100000000)
  region size 1024K, 47 young (48128K), 10 survivors (10240K)
 Metaspace       used 52311K, committed 54144K, reserved 491520K
  class space    used 7218K, committed 8064K, reserved 425984K
GC Heap History (20 events):
Event: 29.838 GC heap before
{Heap before GC invocations=20 (full 0):
 garbage-first heap   total 92160K, used 81747K [0x0000000080000000, 0x0000000100000000)
  region size 1024K, 34 young (34816K), 4 survivors (4096K)
 Metaspace       used 48546K, committed 50176K, reserved 491520K
  class space    used 6740K, committed 7552K, reserved 425984K
}
Event: 29.850 GC heap after
{Heap after GC invocations=21 (full 0):
 garbage-first heap   total 92160K, used 52412K [0x0000000080000000, 0x0000000100000000)
  region size 1024K, 4 young (4096K), 4 survivors (4096K)
 Metaspace       used 48546K, committed 50176K, reserved 491520K
  class space    used 6740K, committed 7552K, reserved 425984K
}
Event: 29.867 GC heap before
{Heap before GC invocations=21 (full 0):
 garbage-first heap   total 92160K, used 53436K [0x0000000080000000, 0x0000000100000000)
  region size 1024K, 6 young (6144K), 4 survivors (4096K)
 Metaspace       used 48546K, committed 50176K, reserved 491520K
  class space    used 6740K, committed 7552K, reserved 425984K
}
Event: 29.877 GC heap after
{Heap after GC invocations=22 (full 0):
 garbage-first heap   total 92160K, used 53053K [0x0000000080000000, 0x0000000100000000)
  region size 1024K, 3 young (3072K), 3 survivors (3072K)
 Metaspace       used 48546K, committed 50176K, reserved 491520K
  class space    used 6740K, committed 7552K, reserved 425984K
}
Event: 30.086 GC heap before
{Heap before GC invocations=23 (full 0):
 garbage-first heap   total 122880K, used 82749K [0x0000000080000000, 0x0000000100000000)
  region size 1024K, 31 young (31744K), 3 survivors (3072K)
 Metaspace       used 48549K, committed 50176K, reserved 491520K
  class space    used 6740K, committed 7552K, reserved 425984K
}
Event: 30.095 GC heap after
{Heap after GC invocations=24 (full 0):
 garbage-first heap   total 122880K, used 55469K [0x0000000080000000, 0x0000000100000000)
  region size 1024K, 4 young (4096K), 4 survivors (4096K)
 Metaspace       used 48549K, committed 50176K, reserved 491520K
  class space    used 6740K, committed 7552K, reserved 425984K
}
Event: 35.079 GC heap before
{Heap before GC invocations=24 (full 0):
 garbage-first heap   total 122880K, used 105645K [0x0000000080000000, 0x0000000100000000)
  region size 1024K, 53 young (54272K), 4 survivors (4096K)
 Metaspace       used 50744K, committed 52480K, reserved 491520K
  class space    used 7042K, committed 7872K, reserved 425984K
}
Event: 35.096 GC heap after
{Heap after GC invocations=25 (full 0):
 garbage-first heap   total 245760K, used 58397K [0x0000000080000000, 0x0000000100000000)
  region size 1024K, 7 young (7168K), 7 survivors (7168K)
 Metaspace       used 50744K, committed 52480K, reserved 491520K
  class space    used 7042K, committed 7872K, reserved 425984K
}
Event: 38.437 GC heap before
{Heap before GC invocations=25 (full 0):
 garbage-first heap   total 245760K, used 193565K [0x0000000080000000, 0x0000000100000000)
  region size 1024K, 139 young (142336K), 7 survivors (7168K)
 Metaspace       used 52286K, committed 54016K, reserved 491520K
  class space    used 7220K, committed 8064K, reserved 425984K
}
Event: 38.458 GC heap after
{Heap after GC invocations=26 (full 0):
 garbage-first heap   total 245760K, used 59692K [0x0000000080000000, 0x0000000100000000)
  region size 1024K, 8 young (8192K), 8 survivors (8192K)
 Metaspace       used 52286K, committed 54016K, reserved 491520K
  class space    used 7220K, committed 8064K, reserved 425984K
}
Event: 40.208 GC heap before
{Heap before GC invocations=26 (full 0):
 garbage-first heap   total 245760K, used 198956K [0x0000000080000000, 0x0000000100000000)
  region size 1024K, 144 young (147456K), 8 survivors (8192K)
 Metaspace       used 52323K, committed 54080K, reserved 491520K
  class space    used 7220K, committed 8064K, reserved 425984K
}
Event: 40.224 GC heap after
{Heap after GC invocations=27 (full 0):
 garbage-first heap   total 245760K, used 60716K [0x0000000080000000, 0x0000000100000000)
  region size 1024K, 9 young (9216K), 9 survivors (9216K)
 Metaspace       used 52323K, committed 54080K, reserved 491520K
  class space    used 7220K, committed 8064K, reserved 425984K
}
Event: 41.691 GC heap before
{Heap before GC invocations=27 (full 0):
 garbage-first heap   total 245760K, used 198956K [0x0000000080000000, 0x0000000100000000)
  region size 1024K, 144 young (147456K), 9 survivors (9216K)
 Metaspace       used 52327K, committed 54144K, reserved 491520K
  class space    used 7220K, committed 8064K, reserved 425984K
}
Event: 41.709 GC heap after
{Heap after GC invocations=28 (full 0):
 garbage-first heap   total 245760K, used 61111K [0x0000000080000000, 0x0000000100000000)
  region size 1024K, 10 young (10240K), 10 survivors (10240K)
 Metaspace       used 52327K, committed 54144K, reserved 491520K
  class space    used 7220K, committed 8064K, reserved 425984K
}
Event: 43.363 GC heap before
{Heap before GC invocations=29 (full 0):
 garbage-first heap   total 219136K, used 181943K [0x0000000080000000, 0x0000000100000000)
  region size 1024K, 128 young (131072K), 10 survivors (10240K)
 Metaspace       used 52291K, committed 54144K, reserved 491520K
  class space    used 7211K, committed 8064K, reserved 425984K
}
Event: 43.380 GC heap after
{Heap after GC invocations=30 (full 0):
 garbage-first heap   total 219136K, used 61536K [0x0000000080000000, 0x0000000100000000)
  region size 1024K, 9 young (9216K), 9 survivors (9216K)
 Metaspace       used 52291K, committed 54144K, reserved 491520K
  class space    used 7211K, committed 8064K, reserved 425984K
}
Event: 44.014 GC heap before
{Heap before GC invocations=30 (full 0):
 garbage-first heap   total 219136K, used 183392K [0x0000000080000000, 0x0000000100000000)
  region size 1024K, 128 young (131072K), 9 survivors (9216K)
 Metaspace       used 52291K, committed 54144K, reserved 491520K
  class space    used 7211K, committed 8064K, reserved 425984K
}
Event: 44.027 GC heap after
{Heap after GC invocations=31 (full 0):
 garbage-first heap   total 219136K, used 61636K [0x0000000080000000, 0x0000000100000000)
  region size 1024K, 9 young (9216K), 9 survivors (9216K)
 Metaspace       used 52291K, committed 54144K, reserved 491520K
  class space    used 7211K, committed 8064K, reserved 425984K
}
Event: 45.307 GC heap before
{Heap before GC invocations=31 (full 0):
 garbage-first heap   total 219136K, used 182468K [0x0000000080000000, 0x0000000100000000)
  region size 1024K, 128 young (131072K), 9 survivors (9216K)
 Metaspace       used 52311K, committed 54144K, reserved 491520K
  class space    used 7218K, committed 8064K, reserved 425984K
}
Event: 45.327 GC heap after
{Heap after GC invocations=32 (full 0):
 garbage-first heap   total 219136K, used 62663K [0x0000000080000000, 0x0000000100000000)
  region size 1024K, 10 young (10240K), 10 survivors (10240K)
 Metaspace       used 52311K, committed 54144K, reserved 491520K
  class space    used 7218K, committed 8064K, reserved 425984K
}

